<?xml version="1.0" encoding="UTF-8"?>
<!-- Generated by org.testng.reporters.JUnitReportReporter -->
<testsuite hostname="DESKTOP-RRJ270U" failures="0" tests="2" name="quangtester.testcase.DashboardTest" time="39.826" errors="0" timestamp="2023-06-17T20:29:34 ICT" skipped="0">
  <testcase classname="quangtester.testcase.DashboardTest" name="openVieonTier" time="20.990"/>
  <system-out/>
  <testcase classname="quangtester.testcase.DashboardTest" name="openSideBarMenu" time="18.836"/>
  <system-out/>
</testsuite> <!-- quangtester.testcase.DashboardTest -->
